{"E:\\dev\\Phi2\\videobuster-back-end\\src\\business\\MovieBusiness.ts": {"path":"E:\\dev\\Phi2\\videobuster-back-end\\src\\business\\MovieBusiness.ts","statementMap":{"0":{"start":{"line":9,"column":12},"end":{"line":9,"column":40}},"1":{"start":{"line":10,"column":12},"end":{"line":10,"column":42}},"2":{"start":{"line":11,"column":12},"end":{"line":11,"column":38}},"3":{"start":{"line":15,"column":4},"end":{"line":50,"column":null}},"4":{"start":{"line":16,"column":6},"end":{"line":16,"column":null}},"5":{"start":{"line":18,"column":26},"end":{"line":18,"column":71}},"6":{"start":{"line":20,"column":45},"end":{"line":20,"column":47}},"7":{"start":{"line":22,"column":6},"end":{"line":28,"column":null}},"8":{"start":{"line":23,"column":8},"end":{"line":27,"column":null}},"9":{"start":{"line":30,"column":6},"end":{"line":32,"column":null}},"10":{"start":{"line":31,"column":8},"end":{"line":31,"column":null}},"11":{"start":{"line":34,"column":6},"end":{"line":41,"column":null}},"12":{"start":{"line":34,"column":18},"end":{"line":34,"column":19}},"13":{"start":{"line":35,"column":8},"end":{"line":37,"column":null}},"14":{"start":{"line":36,"column":10},"end":{"line":36,"column":15}},"15":{"start":{"line":38,"column":8},"end":{"line":40,"column":null}},"16":{"start":{"line":39,"column":10},"end":{"line":39,"column":null}},"17":{"start":{"line":43,"column":6},"end":{"line":46,"column":null}},"18":{"start":{"line":44,"column":24},"end":{"line":44,"column":47}},"19":{"start":{"line":45,"column":29},"end":{"line":45,"column":74}},"20":{"start":{"line":45,"column":47},"end":{"line":45,"column":66}},"21":{"start":{"line":46,"column":32},"end":{"line":46,"column":62}},"22":{"start":{"line":49,"column":6},"end":{"line":49,"column":null}},"23":{"start":{"line":54,"column":4},"end":{"line":66,"column":null}},"24":{"start":{"line":55,"column":21},"end":{"line":55,"column":60}},"25":{"start":{"line":56,"column":27},"end":{"line":56,"column":73}},"26":{"start":{"line":58,"column":6},"end":{"line":60,"column":null}},"27":{"start":{"line":59,"column":8},"end":{"line":59,"column":null}},"28":{"start":{"line":62,"column":6},"end":{"line":62,"column":null}},"29":{"start":{"line":65,"column":6},"end":{"line":65,"column":null}},"30":{"start":{"line":70,"column":4},"end":{"line":82,"column":null}},"31":{"start":{"line":71,"column":6},"end":{"line":71,"column":null}},"32":{"start":{"line":72,"column":27},"end":{"line":72,"column":73}},"33":{"start":{"line":74,"column":6},"end":{"line":76,"column":null}},"34":{"start":{"line":75,"column":8},"end":{"line":75,"column":null}},"35":{"start":{"line":78,"column":6},"end":{"line":78,"column":null}},"36":{"start":{"line":81,"column":6},"end":{"line":81,"column":null}},"37":{"start":{"line":86,"column":4},"end":{"line":106,"column":null}},"38":{"start":{"line":87,"column":6},"end":{"line":87,"column":null}},"39":{"start":{"line":89,"column":30},"end":{"line":89,"column":82}},"40":{"start":{"line":91,"column":6},"end":{"line":100,"column":null}},"41":{"start":{"line":91,"column":51},"end":{"line":100,"column":8}},"42":{"start":{"line":92,"column":8},"end":{"line":99,"column":null}},"43":{"start":{"line":93,"column":29},"end":{"line":93,"column":95}},"44":{"start":{"line":94,"column":10},"end":{"line":98,"column":null}},"45":{"start":{"line":102,"column":6},"end":{"line":102,"column":null}},"46":{"start":{"line":105,"column":6},"end":{"line":105,"column":null}},"47":{"start":{"line":7,"column":0},"end":{"line":7,"column":13}}},"fnMap":{"0":{"name":"(anonymous_7)","decl":{"start":{"line":8,"column":2},"end":{"line":8,"column":null}},"loc":{"start":{"line":11,"column":38},"end":{"line":12,"column":5}}},"1":{"name":"(anonymous_8)","decl":{"start":{"line":14,"column":8},"end":{"line":14,"column":26}},"loc":{"start":{"line":14,"column":40},"end":{"line":51,"column":null}}},"2":{"name":"(anonymous_10)","decl":{"start":{"line":22,"column":22},"end":{"line":22,"column":23}},"loc":{"start":{"line":22,"column":32},"end":{"line":28,"column":7}}},"3":{"name":"(anonymous_11)","decl":{"start":{"line":44,"column":14},"end":{"line":44,"column":15}},"loc":{"start":{"line":44,"column":24},"end":{"line":44,"column":47}}},"4":{"name":"(anonymous_12)","decl":{"start":{"line":45,"column":16},"end":{"line":45,"column":17}},"loc":{"start":{"line":45,"column":29},"end":{"line":45,"column":74}}},"5":{"name":"(anonymous_13)","decl":{"start":{"line":45,"column":41},"end":{"line":45,"column":42}},"loc":{"start":{"line":45,"column":47},"end":{"line":45,"column":66}}},"6":{"name":"(anonymous_14)","decl":{"start":{"line":46,"column":14},"end":{"line":46,"column":15}},"loc":{"start":{"line":46,"column":32},"end":{"line":46,"column":62}}},"7":{"name":"(anonymous_15)","decl":{"start":{"line":53,"column":8},"end":{"line":53,"column":21}},"loc":{"start":{"line":53,"column":52},"end":{"line":67,"column":null}}},"8":{"name":"(anonymous_17)","decl":{"start":{"line":69,"column":8},"end":{"line":69,"column":23}},"loc":{"start":{"line":69,"column":54},"end":{"line":83,"column":null}}},"9":{"name":"(anonymous_19)","decl":{"start":{"line":85,"column":8},"end":{"line":85,"column":23}},"loc":{"start":{"line":85,"column":57},"end":{"line":107,"column":null}}},"10":{"name":"(anonymous_21)","decl":{"start":{"line":91,"column":35},"end":{"line":91,"column":42}},"loc":{"start":{"line":91,"column":51},"end":{"line":100,"column":8}}},"11":{"name":"(anonymous_22)","decl":{"start":{"line":91,"column":51},"end":{"line":91,"column":null}},"loc":{"start":{"line":91,"column":51},"end":{"line":100,"column":7}}}},"branchMap":{"0":{"loc":{"start":{"line":30,"column":6},"end":{"line":32,"column":null}},"type":"if","locations":[{"start":{"line":30,"column":6},"end":{"line":32,"column":null}},{"start":{"line":30,"column":6},"end":{"line":32,"column":null}}]},"1":{"loc":{"start":{"line":35,"column":8},"end":{"line":37,"column":null}},"type":"if","locations":[{"start":{"line":35,"column":8},"end":{"line":37,"column":null}},{"start":{"line":35,"column":8},"end":{"line":37,"column":null}}]},"2":{"loc":{"start":{"line":38,"column":8},"end":{"line":40,"column":null}},"type":"if","locations":[{"start":{"line":38,"column":8},"end":{"line":40,"column":null}},{"start":{"line":38,"column":8},"end":{"line":40,"column":null}}]},"3":{"loc":{"start":{"line":58,"column":6},"end":{"line":60,"column":null}},"type":"if","locations":[{"start":{"line":58,"column":6},"end":{"line":60,"column":null}},{"start":{"line":58,"column":6},"end":{"line":60,"column":null}}]},"4":{"loc":{"start":{"line":74,"column":6},"end":{"line":76,"column":null}},"type":"if","locations":[{"start":{"line":74,"column":6},"end":{"line":76,"column":null}},{"start":{"line":74,"column":6},"end":{"line":76,"column":null}}]},"5":{"loc":{"start":{"line":92,"column":8},"end":{"line":99,"column":null}},"type":"if","locations":[{"start":{"line":92,"column":8},"end":{"line":99,"column":null}},{"start":{"line":92,"column":8},"end":{"line":99,"column":null}}]}},"s":{"0":1,"1":1,"2":1,"3":0,"4":0,"5":0,"6":0,"7":0,"8":0,"9":0,"10":0,"11":0,"12":0,"13":0,"14":0,"15":0,"16":0,"17":0,"18":0,"19":0,"20":0,"21":0,"22":0,"23":1,"24":1,"25":1,"26":1,"27":1,"28":0,"29":1,"30":0,"31":0,"32":0,"33":0,"34":0,"35":0,"36":0,"37":0,"38":0,"39":0,"40":0,"41":0,"42":0,"43":0,"44":0,"45":0,"46":0,"47":1},"f":{"0":1,"1":0,"2":0,"3":0,"4":0,"5":0,"6":0,"7":1,"8":0,"9":0,"10":0,"11":0},"b":{"0":[0,0],"1":[0,0],"2":[0,0],"3":[1,0],"4":[0,0],"5":[0,0]}}
,"E:\\dev\\Phi2\\videobuster-back-end\\src\\business\\UserBusiness.ts": {"path":"E:\\dev\\Phi2\\videobuster-back-end\\src\\business\\UserBusiness.ts","statementMap":{"0":{"start":{"line":1,"column":0},"end":{"line":1,"column":67}},"1":{"start":{"line":2,"column":0},"end":{"line":2,"column":81}},"2":{"start":{"line":7,"column":0},"end":{"line":7,"column":73}},"3":{"start":{"line":8,"column":0},"end":{"line":8,"column":63}},"4":{"start":{"line":13,"column":12},"end":{"line":13,"column":38}},"5":{"start":{"line":14,"column":12},"end":{"line":14,"column":36}},"6":{"start":{"line":15,"column":12},"end":{"line":15,"column":36}},"7":{"start":{"line":16,"column":12},"end":{"line":16,"column":42}},"8":{"start":{"line":20,"column":4},"end":{"line":53,"column":null}},"9":{"start":{"line":21,"column":6},"end":{"line":23,"column":null}},"10":{"start":{"line":22,"column":8},"end":{"line":22,"column":null}},"11":{"start":{"line":25,"column":6},"end":{"line":27,"column":null}},"12":{"start":{"line":26,"column":8},"end":{"line":26,"column":null}},"13":{"start":{"line":30,"column":19},"end":{"line":30,"column":53}},"14":{"start":{"line":31,"column":8},"end":{"line":31,"column":52}},"15":{"start":{"line":34,"column":6},"end":{"line":36,"column":null}},"16":{"start":{"line":35,"column":8},"end":{"line":35,"column":null}},"17":{"start":{"line":38,"column":17},"end":{"line":38,"column":44}},"18":{"start":{"line":39,"column":32},"end":{"line":39,"column":74}},"19":{"start":{"line":41,"column":22},"end":{"line":45,"column":null}},"20":{"start":{"line":48,"column":20},"end":{"line":48,"column":71}},"21":{"start":{"line":49,"column":6},"end":{"line":49,"column":null}},"22":{"start":{"line":50,"column":6},"end":{"line":50,"column":null}},"23":{"start":{"line":52,"column":6},"end":{"line":52,"column":null}},"24":{"start":{"line":57,"column":4},"end":{"line":73,"column":null}},"25":{"start":{"line":58,"column":19},"end":{"line":58,"column":74}},"26":{"start":{"line":59,"column":25},"end":{"line":59,"column":34}},"27":{"start":{"line":61,"column":6},"end":{"line":63,"column":null}},"28":{"start":{"line":62,"column":8},"end":{"line":62,"column":null}},"29":{"start":{"line":65,"column":6},"end":{"line":67,"column":null}},"30":{"start":{"line":66,"column":8},"end":{"line":66,"column":null}},"31":{"start":{"line":69,"column":20},"end":{"line":69,"column":68}},"32":{"start":{"line":70,"column":6},"end":{"line":70,"column":null}},"33":{"start":{"line":72,"column":6},"end":{"line":72,"column":null}},"34":{"start":{"line":77,"column":4},"end":{"line":83,"column":null}},"35":{"start":{"line":78,"column":20},"end":{"line":78,"column":59}},"36":{"start":{"line":79,"column":4},"end":{"line":79,"column":null}},"37":{"start":{"line":82,"column":6},"end":{"line":82,"column":null}},"38":{"start":{"line":10,"column":0},"end":{"line":10,"column":13}}},"fnMap":{"0":{"name":"(anonymous_7)","decl":{"start":{"line":12,"column":2},"end":{"line":12,"column":null}},"loc":{"start":{"line":16,"column":42},"end":{"line":17,"column":5}}},"1":{"name":"(anonymous_8)","decl":{"start":{"line":19,"column":8},"end":{"line":19,"column":18}},"loc":{"start":{"line":19,"column":38},"end":{"line":54,"column":null}}},"2":{"name":"validateEmail","decl":{"start":{"line":29,"column":15},"end":{"line":29,"column":28}},"loc":{"start":{"line":29,"column":42},"end":{"line":32,"column":7}}},"3":{"name":"(anonymous_11)","decl":{"start":{"line":56,"column":8},"end":{"line":56,"column":17}},"loc":{"start":{"line":56,"column":41},"end":{"line":74,"column":null}}},"4":{"name":"(anonymous_13)","decl":{"start":{"line":76,"column":8},"end":{"line":76,"column":18}},"loc":{"start":{"line":76,"column":32},"end":{"line":84,"column":null}}}},"branchMap":{"0":{"loc":{"start":{"line":21,"column":6},"end":{"line":23,"column":null}},"type":"if","locations":[{"start":{"line":21,"column":6},"end":{"line":23,"column":null}},{"start":{"line":21,"column":6},"end":{"line":23,"column":null}}]},"1":{"loc":{"start":{"line":21,"column":9},"end":{"line":21,"column":20}},"type":"binary-expr","locations":[{"start":{"line":21,"column":9},"end":{"line":21,"column":20}},{"start":{"line":21,"column":24},"end":{"line":21,"column":34}},{"start":{"line":21,"column":38},"end":{"line":21,"column":52}}]},"2":{"loc":{"start":{"line":25,"column":6},"end":{"line":27,"column":null}},"type":"if","locations":[{"start":{"line":25,"column":6},"end":{"line":27,"column":null}},{"start":{"line":25,"column":6},"end":{"line":27,"column":null}}]},"3":{"loc":{"start":{"line":34,"column":6},"end":{"line":36,"column":null}},"type":"if","locations":[{"start":{"line":34,"column":6},"end":{"line":36,"column":null}},{"start":{"line":34,"column":6},"end":{"line":36,"column":null}}]},"4":{"loc":{"start":{"line":52,"column":18},"end":{"line":52,"column":31}},"type":"binary-expr","locations":[{"start":{"line":52,"column":18},"end":{"line":52,"column":31}},{"start":{"line":52,"column":35},"end":{"line":52,"column":91}}]},"5":{"loc":{"start":{"line":61,"column":6},"end":{"line":63,"column":null}},"type":"if","locations":[{"start":{"line":61,"column":6},"end":{"line":63,"column":null}},{"start":{"line":61,"column":6},"end":{"line":63,"column":null}}]},"6":{"loc":{"start":{"line":65,"column":6},"end":{"line":67,"column":null}},"type":"if","locations":[{"start":{"line":65,"column":6},"end":{"line":67,"column":null}},{"start":{"line":65,"column":6},"end":{"line":67,"column":null}}]},"7":{"loc":{"start":{"line":65,"column":9},"end":{"line":65,"column":22}},"type":"binary-expr","locations":[{"start":{"line":65,"column":9},"end":{"line":65,"column":22}},{"start":{"line":65,"column":26},"end":{"line":65,"column":31}}]},"8":{"loc":{"start":{"line":72,"column":18},"end":{"line":72,"column":31}},"type":"binary-expr","locations":[{"start":{"line":72,"column":18},"end":{"line":72,"column":31}},{"start":{"line":72,"column":35},"end":{"line":72,"column":91}}]}},"s":{"0":2,"1":2,"2":2,"3":2,"4":5,"5":5,"6":5,"7":5,"8":3,"9":3,"10":1,"11":2,"12":1,"13":1,"14":1,"15":1,"16":1,"17":0,"18":0,"19":0,"20":0,"21":0,"22":0,"23":3,"24":2,"25":2,"26":2,"27":2,"28":1,"29":2,"30":2,"31":0,"32":0,"33":2,"34":0,"35":0,"36":0,"37":0,"38":2},"f":{"0":5,"1":3,"2":1,"3":2,"4":0},"b":{"0":[1,2],"1":[3,3,2],"2":[1,1],"3":[1,0],"4":[3,0],"5":[1,1],"6":[2,0],"7":[2,0],"8":[2,0]}}
,"E:\\dev\\Phi2\\videobuster-back-end\\src\\models\\Movie.ts": {"path":"E:\\dev\\Phi2\\videobuster-back-end\\src\\models\\Movie.ts","statementMap":{"0":{"start":{"line":5,"column":12},"end":{"line":5,"column":22}},"1":{"start":{"line":6,"column":12},"end":{"line":6,"column":25}},"2":{"start":{"line":7,"column":12},"end":{"line":7,"column":28}},"3":{"start":{"line":8,"column":12},"end":{"line":8,"column":52}},"4":{"start":{"line":11,"column":11},"end":{"line":11,"column":26}},"5":{"start":{"line":12,"column":14},"end":{"line":12,"column":32}},"6":{"start":{"line":13,"column":17},"end":{"line":13,"column":38}},"7":{"start":{"line":14,"column":17},"end":{"line":14,"column":38}},"8":{"start":{"line":17,"column":4},"end":{"line":17,"column":null}},"9":{"start":{"line":21,"column":4},"end":{"line":26,"column":null}},"10":{"start":{"line":3,"column":0},"end":{"line":3,"column":13}}},"fnMap":{"0":{"name":"(anonymous_0)","decl":{"start":{"line":4,"column":2},"end":{"line":4,"column":null}},"loc":{"start":{"line":8,"column":52},"end":{"line":9,"column":5}}},"1":{"name":"(anonymous_1)","decl":{"start":{"line":11,"column":2},"end":{"line":11,"column":7}},"loc":{"start":{"line":11,"column":7},"end":{"line":11,"column":26}}},"2":{"name":"(anonymous_2)","decl":{"start":{"line":12,"column":2},"end":{"line":12,"column":10}},"loc":{"start":{"line":12,"column":10},"end":{"line":12,"column":32}}},"3":{"name":"(anonymous_3)","decl":{"start":{"line":13,"column":2},"end":{"line":13,"column":13}},"loc":{"start":{"line":13,"column":13},"end":{"line":13,"column":38}}},"4":{"name":"(anonymous_4)","decl":{"start":{"line":14,"column":2},"end":{"line":14,"column":13}},"loc":{"start":{"line":14,"column":13},"end":{"line":14,"column":38}}},"5":{"name":"(anonymous_5)","decl":{"start":{"line":16,"column":2},"end":{"line":16,"column":13}},"loc":{"start":{"line":16,"column":38},"end":{"line":18,"column":3}}},"6":{"name":"(anonymous_6)","decl":{"start":{"line":20,"column":2},"end":{"line":20,"column":8}},"loc":{"start":{"line":20,"column":32},"end":{"line":27,"column":3}}}},"branchMap":{},"s":{"0":1,"1":1,"2":1,"3":1,"4":0,"5":0,"6":0,"7":1,"8":0,"9":0,"10":1},"f":{"0":1,"1":0,"2":0,"3":0,"4":1,"5":0,"6":0},"b":{}}
,"E:\\dev\\Phi2\\videobuster-back-end\\src\\models\\User.ts": {"path":"E:\\dev\\Phi2\\videobuster-back-end\\src\\models\\User.ts","statementMap":{"0":{"start":{"line":3,"column":12},"end":{"line":3,"column":22}},"1":{"start":{"line":4,"column":12},"end":{"line":4,"column":24}},"2":{"start":{"line":5,"column":12},"end":{"line":5,"column":25}},"3":{"start":{"line":6,"column":12},"end":{"line":6,"column":28}},"4":{"start":{"line":9,"column":11},"end":{"line":9,"column":26}},"5":{"start":{"line":10,"column":13},"end":{"line":10,"column":30}},"6":{"start":{"line":11,"column":14},"end":{"line":11,"column":32}},"7":{"start":{"line":12,"column":17},"end":{"line":12,"column":38}},"8":{"start":{"line":15,"column":4},"end":{"line":20,"column":null}},"9":{"start":{"line":1,"column":0},"end":{"line":1,"column":13}}},"fnMap":{"0":{"name":"(anonymous_0)","decl":{"start":{"line":2,"column":2},"end":{"line":2,"column":null}},"loc":{"start":{"line":6,"column":28},"end":{"line":7,"column":6}}},"1":{"name":"(anonymous_1)","decl":{"start":{"line":9,"column":2},"end":{"line":9,"column":7}},"loc":{"start":{"line":9,"column":7},"end":{"line":9,"column":26}}},"2":{"name":"(anonymous_2)","decl":{"start":{"line":10,"column":2},"end":{"line":10,"column":9}},"loc":{"start":{"line":10,"column":9},"end":{"line":10,"column":30}}},"3":{"name":"(anonymous_3)","decl":{"start":{"line":11,"column":2},"end":{"line":11,"column":10}},"loc":{"start":{"line":11,"column":10},"end":{"line":11,"column":32}}},"4":{"name":"(anonymous_4)","decl":{"start":{"line":12,"column":2},"end":{"line":12,"column":13}},"loc":{"start":{"line":12,"column":13},"end":{"line":12,"column":38}}},"5":{"name":"(anonymous_5)","decl":{"start":{"line":14,"column":2},"end":{"line":14,"column":8}},"loc":{"start":{"line":14,"column":30},"end":{"line":21,"column":3}}}},"branchMap":{},"s":{"0":1,"1":1,"2":1,"3":1,"4":0,"5":0,"6":0,"7":1,"8":0,"9":2},"f":{"0":1,"1":0,"2":0,"3":0,"4":1,"5":0},"b":{}}
,"E:\\dev\\Phi2\\videobuster-back-end\\src\\services\\errors\\GenericError.ts": {"path":"E:\\dev\\Phi2\\videobuster-back-end\\src\\services\\errors\\GenericError.ts","statementMap":{"0":{"start":{"line":1,"column":0},"end":{"line":1,"column":50}},"1":{"start":{"line":5,"column":4},"end":{"line":5,"column":24}},"2":{"start":{"line":3,"column":0},"end":{"line":3,"column":13}}},"fnMap":{"0":{"name":"(anonymous_0)","decl":{"start":{"line":4,"column":2},"end":{"line":4,"column":14}},"loc":{"start":{"line":4,"column":29},"end":{"line":6,"column":3}}}},"branchMap":{},"s":{"0":2,"1":1,"2":2},"f":{"0":1},"b":{}}
,"E:\\dev\\Phi2\\videobuster-back-end\\src\\services\\errors\\InvalidParameterError.ts": {"path":"E:\\dev\\Phi2\\videobuster-back-end\\src\\services\\errors\\InvalidParameterError.ts","statementMap":{"0":{"start":{"line":1,"column":0},"end":{"line":1,"column":50}},"1":{"start":{"line":5,"column":4},"end":{"line":5,"column":24}},"2":{"start":{"line":3,"column":0},"end":{"line":3,"column":13}}},"fnMap":{"0":{"name":"(anonymous_0)","decl":{"start":{"line":4,"column":2},"end":{"line":4,"column":14}},"loc":{"start":{"line":4,"column":29},"end":{"line":6,"column":3}}}},"branchMap":{},"s":{"0":2,"1":4,"2":2},"f":{"0":4},"b":{}}
,"E:\\dev\\Phi2\\videobuster-back-end\\src\\services\\errors\\UnauthorizedError.ts": {"path":"E:\\dev\\Phi2\\videobuster-back-end\\src\\services\\errors\\UnauthorizedError.ts","statementMap":{"0":{"start":{"line":1,"column":0},"end":{"line":1,"column":50}},"1":{"start":{"line":5,"column":4},"end":{"line":5,"column":24}},"2":{"start":{"line":3,"column":0},"end":{"line":3,"column":13}}},"fnMap":{"0":{"name":"(anonymous_0)","decl":{"start":{"line":4,"column":2},"end":{"line":4,"column":14}},"loc":{"start":{"line":4,"column":29},"end":{"line":6,"column":3}}}},"branchMap":{},"s":{"0":2,"1":4,"2":2},"f":{"0":4},"b":{}}
,"E:\\dev\\Phi2\\videobuster-back-end\\src\\services\\errors\\BaseError\\BaseError.ts": {"path":"E:\\dev\\Phi2\\videobuster-back-end\\src\\services\\errors\\BaseError\\BaseError.ts","statementMap":{"0":{"start":{"line":3,"column":4},"end":{"line":3,"column":19}},"1":{"start":{"line":2,"column":38},"end":{"line":2,"column":55}},"2":{"start":{"line":1,"column":0},"end":{"line":1,"column":22}}},"fnMap":{"0":{"name":"(anonymous_0)","decl":{"start":{"line":2,"column":2},"end":{"line":2,"column":14}},"loc":{"start":{"line":2,"column":55},"end":{"line":4,"column":3}}}},"branchMap":{},"s":{"0":9,"1":9,"2":2},"f":{"0":9},"b":{}}
}
