TN:
SF:src\business\UserBusiness.ts
FN:12,(anonymous_7)
FN:19,(anonymous_8)
FN:29,validateEmail
FN:56,(anonymous_11)
FN:76,(anonymous_13)
FNF:5
FNH:4
FNDA:4,(anonymous_7)
FNDA:3,(anonymous_8)
FNDA:1,validateEmail
FNDA:1,(anonymous_11)
FNDA:0,(anonymous_13)
DA:1,2
DA:2,2
DA:7,2
DA:8,2
DA:10,2
DA:13,4
DA:14,4
DA:15,4
DA:16,4
DA:20,3
DA:21,3
DA:22,1
DA:25,2
DA:26,1
DA:30,1
DA:31,1
DA:34,1
DA:35,1
DA:38,0
DA:39,0
DA:41,0
DA:48,0
DA:49,0
DA:50,0
DA:52,3
DA:57,1
DA:58,1
DA:59,0
DA:61,0
DA:62,0
DA:65,0
DA:66,0
DA:69,0
DA:70,0
DA:72,1
DA:77,0
DA:78,0
DA:79,0
DA:82,0
LF:39
LH:22
BRDA:21,0,0,1
BRDA:21,0,1,2
BRDA:21,1,0,3
BRDA:21,1,1,3
BRDA:21,1,2,2
BRDA:25,2,0,1
BRDA:25,2,1,1
BRDA:34,3,0,1
BRDA:34,3,1,0
BRDA:52,4,0,3
BRDA:52,4,1,0
BRDA:61,5,0,0
BRDA:61,5,1,0
BRDA:65,6,0,0
BRDA:65,6,1,0
BRDA:65,7,0,0
BRDA:65,7,1,0
BRDA:72,8,0,1
BRDA:72,8,1,0
BRF:19
BRH:10
end_of_record
TN:
SF:src\models\User.ts
FN:2,(anonymous_0)
FN:9,(anonymous_1)
FN:10,(anonymous_2)
FN:11,(anonymous_3)
FN:12,(anonymous_4)
FN:14,(anonymous_5)
FNF:6
FNH:0
FNDA:0,(anonymous_0)
FNDA:0,(anonymous_1)
FNDA:0,(anonymous_2)
FNDA:0,(anonymous_3)
FNDA:0,(anonymous_4)
FNDA:0,(anonymous_5)
DA:1,2
DA:3,0
DA:4,0
DA:5,0
DA:6,0
DA:9,0
DA:10,0
DA:11,0
DA:12,0
DA:15,0
LF:10
LH:1
BRF:0
BRH:0
end_of_record
TN:
SF:src\services\errors\GenericError.ts
FN:4,(anonymous_0)
FNF:1
FNH:1
FNDA:1,(anonymous_0)
DA:1,2
DA:3,2
DA:5,1
LF:3
LH:3
BRF:0
BRH:0
end_of_record
TN:
SF:src\services\errors\InvalidParameterError.ts
FN:4,(anonymous_0)
FNF:1
FNH:1
FNDA:4,(anonymous_0)
DA:1,2
DA:3,2
DA:5,4
LF:3
LH:3
BRF:0
BRH:0
end_of_record
TN:
SF:src\services\errors\UnauthorizedError.ts
FN:4,(anonymous_0)
FNF:1
FNH:1
FNDA:1,(anonymous_0)
DA:1,2
DA:3,2
DA:5,1
LF:3
LH:3
BRF:0
BRH:0
end_of_record
TN:
SF:src\services\errors\BaseError\BaseError.ts
FN:2,(anonymous_0)
FNF:1
FNH:1
FNDA:6,(anonymous_0)
DA:1,2
DA:2,6
DA:3,6
LF:3
LH:3
BRF:0
BRH:0
end_of_record
