TN:
SF:src\business\MovieBusiness.ts
FN:8,(anonymous_7)
FN:14,(anonymous_8)
FN:22,(anonymous_10)
FN:44,(anonymous_11)
FN:45,(anonymous_12)
FN:45,(anonymous_13)
FN:46,(anonymous_14)
FN:53,(anonymous_15)
FN:69,(anonymous_17)
FN:85,(anonymous_19)
FN:91,(anonymous_21)
FN:91,(anonymous_22)
FNF:12
FNH:2
FNDA:1,(anonymous_7)
FNDA:0,(anonymous_8)
FNDA:0,(anonymous_10)
FNDA:0,(anonymous_11)
FNDA:0,(anonymous_12)
FNDA:0,(anonymous_13)
FNDA:0,(anonymous_14)
FNDA:1,(anonymous_15)
FNDA:0,(anonymous_17)
FNDA:0,(anonymous_19)
FNDA:0,(anonymous_21)
FNDA:0,(anonymous_22)
DA:7,1
DA:9,1
DA:10,1
DA:11,1
DA:15,0
DA:16,0
DA:18,0
DA:20,0
DA:22,0
DA:23,0
DA:30,0
DA:31,0
DA:34,0
DA:35,0
DA:36,0
DA:38,0
DA:39,0
DA:43,0
DA:44,0
DA:45,0
DA:46,0
DA:49,0
DA:54,1
DA:55,1
DA:56,1
DA:58,1
DA:59,1
DA:62,0
DA:65,1
DA:70,0
DA:71,0
DA:72,0
DA:74,0
DA:75,0
DA:78,0
DA:81,0
DA:86,0
DA:87,0
DA:89,0
DA:91,0
DA:92,0
DA:93,0
DA:94,0
DA:102,0
DA:105,0
LF:45
LH:10
BRDA:30,0,0,0
BRDA:30,0,1,0
BRDA:35,1,0,0
BRDA:35,1,1,0
BRDA:38,2,0,0
BRDA:38,2,1,0
BRDA:58,3,0,1
BRDA:58,3,1,0
BRDA:74,4,0,0
BRDA:74,4,1,0
BRDA:92,5,0,0
BRDA:92,5,1,0
BRF:12
BRH:1
end_of_record
TN:
SF:src\business\UserBusiness.ts
FN:12,(anonymous_7)
FN:19,(anonymous_8)
FN:29,validateEmail
FN:56,(anonymous_11)
FN:76,(anonymous_13)
FNF:5
FNH:4
FNDA:5,(anonymous_7)
FNDA:3,(anonymous_8)
FNDA:1,validateEmail
FNDA:2,(anonymous_11)
FNDA:0,(anonymous_13)
DA:1,2
DA:2,2
DA:7,2
DA:8,2
DA:10,2
DA:13,5
DA:14,5
DA:15,5
DA:16,5
DA:20,3
DA:21,3
DA:22,1
DA:25,2
DA:26,1
DA:30,1
DA:31,1
DA:34,1
DA:35,1
DA:38,0
DA:39,0
DA:41,0
DA:48,0
DA:49,0
DA:50,0
DA:52,3
DA:57,2
DA:58,2
DA:59,2
DA:61,2
DA:62,1
DA:65,2
DA:66,2
DA:69,0
DA:70,0
DA:72,2
DA:77,0
DA:78,0
DA:79,0
DA:82,0
LF:39
LH:27
BRDA:21,0,0,1
BRDA:21,0,1,2
BRDA:21,1,0,3
BRDA:21,1,1,3
BRDA:21,1,2,2
BRDA:25,2,0,1
BRDA:25,2,1,1
BRDA:34,3,0,1
BRDA:34,3,1,0
BRDA:52,4,0,3
BRDA:52,4,1,0
BRDA:61,5,0,1
BRDA:61,5,1,1
BRDA:65,6,0,2
BRDA:65,6,1,0
BRDA:65,7,0,2
BRDA:65,7,1,0
BRDA:72,8,0,2
BRDA:72,8,1,0
BRF:19
BRH:14
end_of_record
TN:
SF:src\models\Movie.ts
FN:4,(anonymous_0)
FN:11,(anonymous_1)
FN:12,(anonymous_2)
FN:13,(anonymous_3)
FN:14,(anonymous_4)
FN:16,(anonymous_5)
FN:20,(anonymous_6)
FNF:7
FNH:2
FNDA:1,(anonymous_0)
FNDA:0,(anonymous_1)
FNDA:0,(anonymous_2)
FNDA:0,(anonymous_3)
FNDA:1,(anonymous_4)
FNDA:0,(anonymous_5)
FNDA:0,(anonymous_6)
DA:3,1
DA:5,1
DA:6,1
DA:7,1
DA:8,1
DA:11,0
DA:12,0
DA:13,0
DA:14,1
DA:17,0
DA:21,0
LF:11
LH:6
BRF:0
BRH:0
end_of_record
TN:
SF:src\models\User.ts
FN:2,(anonymous_0)
FN:9,(anonymous_1)
FN:10,(anonymous_2)
FN:11,(anonymous_3)
FN:12,(anonymous_4)
FN:14,(anonymous_5)
FNF:6
FNH:2
FNDA:1,(anonymous_0)
FNDA:0,(anonymous_1)
FNDA:0,(anonymous_2)
FNDA:0,(anonymous_3)
FNDA:1,(anonymous_4)
FNDA:0,(anonymous_5)
DA:1,2
DA:3,1
DA:4,1
DA:5,1
DA:6,1
DA:9,0
DA:10,0
DA:11,0
DA:12,1
DA:15,0
LF:10
LH:6
BRF:0
BRH:0
end_of_record
TN:
SF:src\services\errors\GenericError.ts
FN:4,(anonymous_0)
FNF:1
FNH:1
FNDA:1,(anonymous_0)
DA:1,2
DA:3,2
DA:5,1
LF:3
LH:3
BRF:0
BRH:0
end_of_record
TN:
SF:src\services\errors\InvalidParameterError.ts
FN:4,(anonymous_0)
FNF:1
FNH:1
FNDA:4,(anonymous_0)
DA:1,2
DA:3,2
DA:5,4
LF:3
LH:3
BRF:0
BRH:0
end_of_record
TN:
SF:src\services\errors\UnauthorizedError.ts
FN:4,(anonymous_0)
FNF:1
FNH:1
FNDA:4,(anonymous_0)
DA:1,2
DA:3,2
DA:5,4
LF:3
LH:3
BRF:0
BRH:0
end_of_record
TN:
SF:src\services\errors\BaseError\BaseError.ts
FN:2,(anonymous_0)
FNF:1
FNH:1
FNDA:9,(anonymous_0)
DA:1,2
DA:2,9
DA:3,9
LF:3
LH:3
BRF:0
BRH:0
end_of_record
